<?xml version="1.0" encoding="UTF-8"?>
<!-- Generated by org.testng.reporters.JUnitReportReporter -->
<testsuite hostname="DESKTOP-Q3PNQQ8" failures="0" tests="1" name="demo.NewTest" time="10.043" errors="0" timestamp="2023-08-17T15:47:26 IST" skipped="0">
  <testcase classname="demo.NewTest" name="signUp" time="10.043"/>
</testsuite> <!-- demo.NewTest -->
